<?xml version="1.0" encoding="UTF-8"?>
<!-- Generated by org.testng.reporters.JUnitXMLReporter -->
<testsuite ignored="0" hostname="Lubab" failures="0" tests="4" name="Default test" time="8.164" errors="0" timestamp="2025-04-21T22:24:49 GMT+03:00">
  <testcase classname="CodenBoxAutomation.CodenBoxAutomation.AppTest" name="RadioButton" time="0.111"/>
  <testcase classname="CodenBoxAutomation.CodenBoxAutomation.AppTest" name="DynamicDropdown" time="1.127"/>
  <testcase classname="CodenBoxAutomation.CodenBoxAutomation.AppTest" name="StaticDropdown" time="0.118"/>
  <testcase classname="CodenBoxAutomation.CodenBoxAutomation.AppTest" name="Checkbox" time="0.143"/>
</testsuite> <!-- Default test -->
